<?xml version="1.0" encoding="UTF-8"?>
<testsuite name="com.ztech.zmovie.resources.storage.repositories.MoviesRepositoryImplTest" tests="1" skipped="0" failures="0" errors="0" timestamp="2020-02-06T05:10:09" hostname="not-m000416" time="0.471">
  <properties/>
  <testcase name="given a valid movie, should persist it()" classname="com.ztech.zmovie.resources.storage.repositories.MoviesRepositoryImplTest" time="0.471"/>
  <system-out><![CDATA[]]></system-out>
  <system-err><![CDATA[[Thread-5] INFO MongoExecutable - [mongod output]2020-02-06T02:10:08.199-0300 I CONTROL  [main] note: noprealloc may hurt performance in many applications[mongod output] 
[Thread-5] INFO MongoExecutable - 2020-02-06T02:10:08.217-0300 I CONTROL  [initandlisten] MongoDB starting : pid=65887 port=27017 dbpath=/var/folders/p8/78mxb5cs3hvdszl0qlywymjms0x2ln/T/embedmongo-db-30cc5341-ba53-4818-baaa-3afc8a9bcc27 64-bit host=not-m000416[mongod output] 
[Thread-5] INFO MongoExecutable - 2020-02-06T02:10:08.217-0300 I CONTROL  [initandlisten] db version v3.6.5[mongod output] 
[Thread-5] INFO MongoExecutable - 2020-02-06T02:10:08.217-0300 I CONTROL  [initandlisten] git version: a20ecd3e3a174162052ff99913bc2ca9a839d618[mongod output] 
[Thread-5] INFO MongoExecutable - 2020-02-06T02:10:08.217-0300 I CONTROL  [initandlisten] OpenSSL version: OpenSSL 1.1.0h  27 Mar 2018[mongod output] 
[Thread-5] INFO MongoExecutable - 2020-02-06T02:10:08.217-0300 I CONTROL  [initandlisten] allocator: system[mongod output] 
[Thread-5] INFO MongoExecutable - 2020-02-06T02:10:08.217-0300 I CONTROL  [initandlisten] modules: none[mongod output] 
[Thread-5] INFO MongoExecutable - 2020-02-06T02:10:08.217-0300 I CONTROL  [initandlisten] build environment:[mongod output] 
[Thread-5] INFO MongoExecutable - 2020-02-06T02:10:08.218-0300 I CONTROL  [initandlisten]     distarch: x86_64[mongod output] 
[Thread-5] INFO MongoExecutable - 2020-02-06T02:10:08.218-0300 I CONTROL  [initandlisten]     target_arch: x86_64[mongod output] 
[Thread-5] INFO MongoExecutable - 2020-02-06T02:10:08.218-0300 I CONTROL  [initandlisten] options: { net: { bindIp: "127.0.0.1", port: 27017 }, security: { authorization: "disabled" }, storage: { dbPath: "/var/folders/p8/78mxb5cs3hvdszl0qlywymjms0x2ln/T/embedmongo-db-30cc5341-ba53-4818-baaa-3afc8a9bcc27", journal: { enabled: false }, mmapv1: { preallocDataFiles: false, smallFiles: true }, syncPeriodSecs: 0.0 } }[mongod output] 
[Thread-5] INFO MongoExecutable - 2020-02-06T02:10:08.220-0300 I STORAGE  [initandlisten] wiredtiger_open config: create,cache_size=3584M,session_max=20000,eviction=(threads_min=4,threads_max=4),config_base=false,statistics=(fast),cache_cursors=false,log=(enabled=true,archive=true,path=journal,compressor=snappy),file_manager=(close_idle_time=100000),statistics_log=(wait=0),verbose=(recovery_progress),,log=(enabled=false),[mongod output] 
[Thread-5] INFO MongoExecutable - 2020-02-06T02:10:08.782-0300 I STORAGE  [initandlisten] WiredTiger message [1580965808:782061][65887:0x7fff89d30380], txn-recover: Set global recovery timestamp: 0[mongod output] 
[Thread-5] INFO MongoExecutable - 2020-02-06T02:10:08.948-0300 W STORAGE  [initandlisten] Detected configuration for non-active storage engine mmapv1 when current storage engine is wiredTiger[mongod output] 
[Thread-5] INFO MongoExecutable - 2020-02-06T02:10:08.956-0300 I STORAGE  [initandlisten] createCollection: admin.system.version with provided UUID: ed2e0142-45e1-4697-b4cb-e11a32fe52be[mongod output] 
[Thread-5] INFO MongoExecutable - 2020-02-06T02:10:09.048-0300 I COMMAND  [initandlisten] setting featureCompatibilityVersion to 3.6[mongod output] 
[Thread-5] INFO MongoExecutable - 2020-02-06T02:10:09.053-0300 I STORAGE  [initandlisten] createCollection: local.startup_log with generated UUID: f39fc627-d305-4520-9cc2-9ec8fc649062[mongod output] 
[Thread-5] INFO MongoExecutable - 2020-02-06T02:10:09.153-0300 I FTDC     [initandlisten] Initializing full-time diagnostic data capture with directory '/var/folders/p8/78mxb5cs3hvdszl0qlywymjms0x2ln/T/embedmongo-db-30cc5341-ba53-4818-baaa-3afc8a9bcc27/diagnostic.data'[mongod output] 
[Thread-5] INFO MongoExecutable - 2020-02-06T02:10:09.154-0300 I NETWORK  [initandlisten] waiting for connections on port 27017[mongod output] 
[Test worker] INFO de.flapdoodle.embed.mongo.MongodExecutable - start de.flapdoodle.embed.mongo.config.MongodConfigBuilder$ImmutableMongodConfig@643241a3
[Test worker] INFO org.mongodb.driver.cluster - Cluster created with settings {hosts=[localhost:27017], mode=SINGLE, requiredClusterType=UNKNOWN, serverSelectionTimeout='30000 ms', maxWaitQueueSize=500}
[Thread-5] INFO MongoExecutable - 2020-02-06T02:10:09.251-0300 I NETWORK  [listener] connection accepted from 127.0.0.1:53190 #1 (1 connection now open)[mongod output] 
[Test worker] INFO org.mongodb.driver.cluster - Cluster description not yet available. Waiting for 30000 ms before timing out
[Thread-5] INFO MongoExecutable - 2020-02-06T02:10:09.260-0300 I NETWORK  [conn1] received client metadata from 127.0.0.1:53190 conn1: { driver: { name: "mongo-java-driver|sync", version: "3.10.2" }, os: { type: "Darwin", name: "Mac OS X", architecture: "x86_64", version: "10.13.6" }, platform: "Java/Oracle Corporation/1.8.0_231-b11" }[mongod output] 
[cluster-ClusterId{value='5e3b9fb1b743f4768acfa6be', description='null'}-localhost:27017] INFO org.mongodb.driver.connection - Opened connection [connectionId{localValue:1, serverValue:1}] to localhost:27017
[cluster-ClusterId{value='5e3b9fb1b743f4768acfa6be', description='null'}-localhost:27017] INFO org.mongodb.driver.cluster - Monitor thread successfully connected to server with description ServerDescription{address=localhost:27017, type=STANDALONE, state=CONNECTED, ok=true, version=ServerVersion{versionList=[3, 6, 5]}, minWireVersion=0, maxWireVersion=6, maxDocumentSize=16777216, logicalSessionTimeoutMinutes=30, roundTripTimeNanos=2174558}
[Thread-5] INFO MongoExecutable - 2020-02-06T02:10:09.282-0300 I NETWORK  [listener] connection accepted from 127.0.0.1:53191 #2 (2 connections now open)[mongod output] 
[Thread-5] INFO MongoExecutable - 2020-02-06T02:10:09.283-0300 I NETWORK  [conn2] received client metadata from 127.0.0.1:53191 conn2: { driver: { name: "mongo-java-driver|sync", version: "3.10.2" }, os: { type: "Darwin", name: "Mac OS X", architecture: "x86_64", version: "10.13.6" }, platform: "Java/Oracle Corporation/1.8.0_231-b11" }[mongod output] 
[Test worker] INFO org.mongodb.driver.connection - Opened connection [connectionId{localValue:2, serverValue:2}] to localhost:27017
[Thread-5] INFO MongoExecutable - 2020-02-06T02:10:09.312-0300 I STORAGE  [conn2] createCollection: admin.system.users with generated UUID: 816f4b45-703c-4d06-812b-532cdc94eb3f[mongod output] 
[Thread-5] INFO MongoExecutable - 2020-02-06T02:10:09.456-0300 I COMMAND  [conn2] command admin.system.users command: insert { insert: "system.users", bypassDocumentValidation: false, ordered: true, $db: "admin" } ninserted:1 keysInserted:2 numYields:0 reslen:29 locks:{ Global: { acquireCount: { r: 4, w: 4 } }, Database: { acquireCount: { W: 4 } }, Collection: { acquireCount: { w: 3 } } } protocol:op_msg 143ms[mongod output] 
[Thread-5] INFO MongoExecutable - 2020-02-06T02:10:09.456-0300 I COMMAND  [conn2] command zmovies.$cmd command: createUser { createUser: "zmovies", pwd: "xxx", roles: [ { role: "readWrite", db: "zmovies" } ], $db: "zmovies", $readPreference: { mode: "primaryPreferred" } } numYields:0 reslen:22 locks:{ Global: { acquireCount: { r: 4, w: 4 } }, Database: { acquireCount: { W: 4 } }, Collection: { acquireCount: { w: 3 } } } protocol:op_msg 163ms[mongod output] 
[Thread-5] INFO MongoExecutable - 2020-02-06T02:10:09.470-0300 I STORAGE  [conn2] createCollection: zmovies.zmovies with generated UUID: 8537f53e-5809-4ba4-848e-dada358d91d6[mongod output] 
[Thread-5] INFO MongoExecutable - 2020-02-06T02:10:09.588-0300 I COMMAND  [conn2] command zmovies.zmovies command: create { create: "zmovies", capped: false, $db: "zmovies", $readPreference: { mode: "primaryPreferred" } } numYields:0 reslen:22 locks:{ Global: { acquireCount: { r: 1, w: 1 } }, Database: { acquireCount: { W: 1 } } } protocol:op_msg 118ms[mongod output] 
[Test worker] INFO org.mongodb.driver.cluster - Cluster created with settings {hosts=[localhost:27017], mode=SINGLE, requiredClusterType=UNKNOWN, serverSelectionTimeout='30000 ms', maxWaitQueueSize=500}
[Thread-5] INFO MongoExecutable - 2020-02-06T02:10:09.603-0300 I NETWORK  [listener] connection accepted from 127.0.0.1:53192 #3 (3 connections now open)[mongod output] 
[Thread-5] INFO MongoExecutable - 2020-02-06T02:10:09.604-0300 I NETWORK  [conn3] received client metadata from 127.0.0.1:53192 conn3: { driver: { name: "mongo-java-driver|sync", version: "3.10.2" }, os: { type: "Darwin", name: "Mac OS X", architecture: "x86_64", version: "10.13.6" }, platform: "Java/Oracle Corporation/1.8.0_231-b11" }[mongod output] 
[cluster-ClusterId{value='5e3b9fb1b743f4768acfa6bf', description='null'}-localhost:27017] INFO org.mongodb.driver.connection - Opened connection [connectionId{localValue:3, serverValue:3}] to localhost:27017
[cluster-ClusterId{value='5e3b9fb1b743f4768acfa6bf', description='null'}-localhost:27017] INFO org.mongodb.driver.cluster - Monitor thread successfully connected to server with description ServerDescription{address=localhost:27017, type=STANDALONE, state=CONNECTED, ok=true, version=ServerVersion{versionList=[3, 6, 5]}, minWireVersion=0, maxWireVersion=6, maxDocumentSize=16777216, logicalSessionTimeoutMinutes=30, roundTripTimeNanos=720799}
[Thread-5] INFO MongoExecutable - 2020-02-06T02:10:09.625-0300 I NETWORK  [listener] connection accepted from 127.0.0.1:53193 #4 (4 connections now open)[mongod output] 
[Thread-5] INFO MongoExecutable - 2020-02-06T02:10:09.626-0300 I NETWORK  [conn4] received client metadata from 127.0.0.1:53193 conn4: { driver: { name: "mongo-java-driver|sync", version: "3.10.2" }, os: { type: "Darwin", name: "Mac OS X", architecture: "x86_64", version: "10.13.6" }, platform: "Java/Oracle Corporation/1.8.0_231-b11" }[mongod output] 
[Thread-5] INFO MongoExecutable - 2020-02-06T02:10:09.872-0300 I ACCESS   [conn4] Successfully authenticated as principal zmovies on zmovies[mongod output] 
[Test worker] INFO org.mongodb.driver.connection - Opened connection [connectionId{localValue:4, serverValue:4}] to localhost:27017
[Thread-5] INFO MongoExecutable - 2020-02-06T02:10:09.881-0300 I COMMAND  [conn4] CMD: drop zmovies.zmovies[mongod output] 
[Thread-5] INFO MongoExecutable - 2020-02-06T02:10:09.881-0300 I STORAGE  [conn4] Finishing collection drop for zmovies.zmovies (8537f53e-5809-4ba4-848e-dada358d91d6).[mongod output] 
[Thread-5] INFO MongoExecutable - 2020-02-06T02:10:09.938-0300 I COMMAND  [conn4] CMD: drop zmovies.zmovie[mongod output] 
[Thread-5] INFO MongoExecutable - 2020-02-06T02:10:09.994-0300 I STORAGE  [conn4] createCollection: zmovies.zmovie with generated UUID: 6a8d6aeb-efee-4231-b68f-ab09050f3e75[mongod output] 
[Thread-5] INFO MongoExecutable - 2020-02-06T02:10:10.094-0300 I NETWORK  [listener] connection accepted from 127.0.0.1:53194 #5 (5 connections now open)[mongod output] 
[Thread-5] INFO MongoExecutable - 2020-02-06T02:10:10.095-0300 I COMMAND  [conn5] terminating, shutdown command received[mongod output] 
[Thread-5] INFO MongoExecutable - 2020-02-06T02:10:10.095-0300 I NETWORK  [conn5] shutdown: going to close listening sockets...[mongod output] 
[Thread-5] INFO MongoExecutable - 2020-02-06T02:10:10.095-0300 I NETWORK  [conn5] removing socket file: /tmp/mongodb-27017.sock[mongod output] 
[Thread-5] INFO MongoExecutable - 2020-02-06T02:10:10.098-0300 I FTDC     [conn5] Shutting down full-time diagnostic data capture[mongod output] 
[Thread-5] INFO MongoExecutable - 2020-02-06T02:10:10.099-0300 I STORAGE  [conn5] WiredTigerKVEngine shutting down[mongod output] 
[Thread-5] INFO MongoExecutable - 2020-02-06T02:10:10.191-0300 I STORAGE  [conn5] shutdown: removing fs lock...[mongod output] 
[Thread-5] INFO MongoExecutable - 2020-02-06T02:10:10.192-0300 I CONTROL  [conn5] now exiting[mongod output] 
[Thread-5] INFO MongoExecutable - 2020-02-06T02:10:10.192-0300 I CONTROL  [conn5] shutting down with code:0[mongod output] 
]]></system-err>
</testsuite>
